2020-09-16 16:06:08,669 INFO o.a.j.u.JMeterUtils: Setting Locale to en_EN
2020-09-16 16:06:08,720 INFO o.a.j.JMeter: Loading user properties from: /usr/local/Cellar/jmeter/5.3/libexec/bin/user.properties
2020-09-16 16:06:08,723 INFO o.a.j.JMeter: Loading system properties from: /usr/local/Cellar/jmeter/5.3/libexec/bin/system.properties
2020-09-16 16:06:08,724 INFO o.a.j.JMeter: Copyright (c) 1998-2020 The Apache Software Foundation
2020-09-16 16:06:08,724 INFO o.a.j.JMeter: Version 5.3
2020-09-16 16:06:08,724 INFO o.a.j.JMeter: java.version=12.0.2
2020-09-16 16:06:08,724 INFO o.a.j.JMeter: java.vm.name=Java HotSpot(TM) 64-Bit Server VM
2020-09-16 16:06:08,724 INFO o.a.j.JMeter: os.name=Mac OS X
2020-09-16 16:06:08,724 INFO o.a.j.JMeter: os.arch=x86_64
2020-09-16 16:06:08,724 INFO o.a.j.JMeter: os.version=10.14.6
2020-09-16 16:06:08,724 INFO o.a.j.JMeter: file.encoding=UTF-8
2020-09-16 16:06:08,725 INFO o.a.j.JMeter: java.awt.headless=null
2020-09-16 16:06:08,725 INFO o.a.j.JMeter: Max memory     =1073741824
2020-09-16 16:06:08,725 INFO o.a.j.JMeter: Available Processors =12
2020-09-16 16:06:08,737 INFO o.a.j.JMeter: Default Locale=English (EN)
2020-09-16 16:06:08,738 INFO o.a.j.JMeter: JMeter  Locale=English (EN)
2020-09-16 16:06:08,738 INFO o.a.j.JMeter: JMeterHome=/usr/local/Cellar/jmeter/5.3/libexec
2020-09-16 16:06:08,738 INFO o.a.j.JMeter: user.dir  =/Users/ktilve/cypress
2020-09-16 16:06:08,738 INFO o.a.j.JMeter: PWD       =/Users/ktilve/cypress
2020-09-16 16:06:08,770 INFO o.a.j.JMeter: IP: 192.168.0.200 Name: OMA-M-ITSC02Y.local FullName: 192.168.0.200
2020-09-16 16:06:09,286 INFO o.a.j.JMeter: Setting LAF to: com.github.weisj.darklaf.DarkLaf:com.github.weisj.darklaf.theme.DarculaTheme
2020-09-16 16:06:10,752 INFO o.a.j.JMeter: Loaded icon properties from org/apache/jmeter/images/icon.properties
2020-09-16 16:06:11,806 INFO o.j.r.JARSourceHTTP: Requesting https://jmeter-plugins.org/repo/?installID=mac_os_x-404a3650f64864b2788faa6a0169f969-gui
2020-09-16 16:06:12,754 INFO o.j.r.PluginManager: Plugins Status: [jpgc-plugins-manager=1.3, jmeter-core=5.3, jmeter-ftp=5.3, jmeter-http=5.3, jmeter-jdbc=5.3, jmeter-jms=5.3, jmeter-junit=5.3, jmeter-java=5.3, jmeter-ldap=5.3, jmeter-mail=5.3, jmeter-mongodb=5.3, jmeter-native=5.3, jmeter-tcp=5.3, jmeter-components=5.3]
2020-09-16 16:06:12,755 INFO o.j.r.PluginManagerMenuItem: Plugins Manager has upgrades: [jpgc-plugins-manager]
2020-09-16 16:06:27,137 INFO o.a.j.s.FileServer: Default base='/Users/ktilve/cypress'
2020-09-16 16:06:27,144 INFO o.a.j.g.a.Load: Loading file: /Users/ktilve/HTTP Request.jmx
2020-09-16 16:06:27,144 INFO o.a.j.s.FileServer: Set new base='/Users/ktilve'
2020-09-16 16:06:27,277 INFO o.a.j.s.SaveService: Testplan (JMX) version: 2.2. Testlog (JTL) version: 2.2
2020-09-16 16:06:27,293 INFO o.a.j.s.SaveService: Using SaveService properties version 5.0
2020-09-16 16:06:27,295 INFO o.a.j.s.SaveService: Using SaveService properties file encoding UTF-8
2020-09-16 16:06:27,296 INFO o.a.j.s.SaveService: Loading file: /Users/ktilve/HTTP Request.jmx
2020-09-16 16:06:27,447 INFO o.a.j.p.h.s.HTTPSamplerBase: Parser for text/html is org.apache.jmeter.protocol.http.parser.LagartoBasedHtmlParser
2020-09-16 16:06:27,448 INFO o.a.j.p.h.s.HTTPSamplerBase: Parser for application/xhtml+xml is org.apache.jmeter.protocol.http.parser.LagartoBasedHtmlParser
2020-09-16 16:06:27,448 INFO o.a.j.p.h.s.HTTPSamplerBase: Parser for application/xml is org.apache.jmeter.protocol.http.parser.LagartoBasedHtmlParser
2020-09-16 16:06:27,448 INFO o.a.j.p.h.s.HTTPSamplerBase: Parser for text/xml is org.apache.jmeter.protocol.http.parser.LagartoBasedHtmlParser
2020-09-16 16:06:27,448 INFO o.a.j.p.h.s.HTTPSamplerBase: Parser for text/vnd.wap.wml is org.apache.jmeter.protocol.http.parser.RegexpHTMLParser
2020-09-16 16:06:27,448 INFO o.a.j.p.h.s.HTTPSamplerBase: Parser for text/css is org.apache.jmeter.protocol.http.parser.CssParser
2020-09-16 16:06:27,669 INFO o.a.j.s.SampleResult: Note: Sample TimeStamps are START times
2020-09-16 16:06:27,669 INFO o.a.j.s.SampleResult: sampleresult.default.encoding is set to ISO-8859-1
2020-09-16 16:06:27,670 INFO o.a.j.s.SampleResult: sampleresult.useNanoTime=true
2020-09-16 16:06:27,670 INFO o.a.j.s.SampleResult: sampleresult.nanoThreadSleep=5000
2020-09-16 16:06:27,814 INFO o.a.j.v.ViewResultsFullVisualizer: Add JavaFX to your Java installation if you want to use renderer: org.apache.jmeter.visualizers.RenderInBrowser
2020-09-16 16:06:27,975 INFO o.a.j.v.ViewResultsFullVisualizer: Add JavaFX to your Java installation if you want to use renderer: org.apache.jmeter.visualizers.RenderInBrowser
2020-09-16 16:06:28,051 INFO o.a.j.v.ViewResultsFullVisualizer: Add JavaFX to your Java installation if you want to use renderer: org.apache.jmeter.visualizers.RenderInBrowser
2020-09-16 16:06:28,168 INFO o.a.j.v.ViewResultsFullVisualizer: Add JavaFX to your Java installation if you want to use renderer: org.apache.jmeter.visualizers.RenderInBrowser
2020-09-16 16:06:28,318 INFO o.a.j.v.ViewResultsFullVisualizer: Add JavaFX to your Java installation if you want to use renderer: org.apache.jmeter.visualizers.RenderInBrowser
2020-09-16 16:06:28,402 INFO o.a.j.v.ViewResultsFullVisualizer: Add JavaFX to your Java installation if you want to use renderer: org.apache.jmeter.visualizers.RenderInBrowser
2020-09-16 16:06:28,467 INFO o.a.j.s.FileServer: Set new base='/Users/ktilve'
2020-09-16 16:07:10,232 INFO o.a.j.e.StandardJMeterEngine: Running the test!
2020-09-16 16:07:10,233 INFO o.a.j.s.SampleEvent: List of sample_variables: []
2020-09-16 16:07:10,234 INFO o.a.j.s.SampleEvent: List of sample_variables: []
2020-09-16 16:07:10,235 INFO o.a.j.e.u.CompoundVariable: Note: Function class names must contain the string: '.functions.'
2020-09-16 16:07:10,235 INFO o.a.j.e.u.CompoundVariable: Note: Function class names must not contain the string: '.gui.'
2020-09-16 16:07:10,472 INFO o.a.j.g.u.JMeterMenuBar: setRunning(true, *local*)
2020-09-16 16:07:10,515 INFO o.a.j.e.StandardJMeterEngine: Starting ThreadGroup: 1 : Thread Group
2020-09-16 16:07:10,516 INFO o.a.j.e.StandardJMeterEngine: Starting 50 threads for group Thread Group.
2020-09-16 16:07:10,516 INFO o.a.j.e.StandardJMeterEngine: Thread will continue on error
2020-09-16 16:07:10,516 INFO o.a.j.t.ThreadGroup: Starting thread group... number=1 threads=50 ramp-up=10 delayedStart=false
2020-09-16 16:07:10,524 INFO o.a.j.t.JMeterThread: Thread started: Thread Group 1-1
2020-09-16 16:07:10,537 INFO o.a.j.p.h.s.HTTPHCAbstractImpl: Local host = OMA-M-ITSC02Y.local
2020-09-16 16:07:10,546 INFO o.a.j.p.h.s.HTTPHC4Impl: HTTP request retry count = 0
2020-09-16 16:07:10,551 INFO o.a.j.t.ThreadGroup: Started thread group number 1
2020-09-16 16:07:10,551 INFO o.a.j.e.StandardJMeterEngine: Starting ThreadGroup: 2 : Thread Group
2020-09-16 16:07:10,552 INFO o.a.j.e.StandardJMeterEngine: Starting 100 threads for group Thread Group.
2020-09-16 16:07:10,552 INFO o.a.j.e.StandardJMeterEngine: Thread will continue on error
2020-09-16 16:07:10,552 INFO o.a.j.t.ThreadGroup: Starting thread group... number=2 threads=100 ramp-up=10 delayedStart=false
2020-09-16 16:07:10,558 INFO o.a.j.t.JMeterThread: Thread started: Thread Group 2-1
2020-09-16 16:07:10,605 INFO o.a.j.t.ThreadGroup: Started thread group number 2
2020-09-16 16:07:10,605 INFO o.a.j.e.StandardJMeterEngine: All thread groups have been started
2020-09-16 16:07:10,661 INFO o.a.j.t.JMeterThread: Thread started: Thread Group 2-2
2020-09-16 16:07:10,723 INFO o.a.j.t.JMeterThread: Thread started: Thread Group 1-2
2020-09-16 16:07:10,761 INFO o.a.j.t.JMeterThread: Thread started: Thread Group 2-3
2020-09-16 16:07:10,861 INFO o.a.j.t.JMeterThread: Thread started: Thread Group 2-4
2020-09-16 16:07:10,925 INFO o.a.j.t.JMeterThread: Thread started: Thread Group 1-3
2020-09-16 16:07:10,960 INFO o.a.j.t.JMeterThread: Thread started: Thread Group 2-5
2020-09-16 16:07:11,056 INFO o.a.j.t.JMeterThread: Thread started: Thread Group 2-6
2020-09-16 16:07:11,121 INFO o.a.j.t.JMeterThread: Thread started: Thread Group 1-4
2020-09-16 16:07:11,157 INFO o.a.j.t.JMeterThread: Thread started: Thread Group 2-7
2020-09-16 16:07:11,256 INFO o.a.j.t.JMeterThread: Thread started: Thread Group 2-8
2020-09-16 16:07:11,321 INFO o.a.j.t.JMeterThread: Thread started: Thread Group 1-5
2020-09-16 16:07:11,357 INFO o.a.j.t.JMeterThread: Thread started: Thread Group 2-9
2020-09-16 16:07:11,460 INFO o.a.j.t.JMeterThread: Thread started: Thread Group 2-10
2020-09-16 16:07:11,521 INFO o.a.j.t.JMeterThread: Thread started: Thread Group 1-6
2020-09-16 16:07:11,559 INFO o.a.j.t.JMeterThread: Thread started: Thread Group 2-11
2020-09-16 16:07:11,657 INFO o.a.j.t.JMeterThread: Thread started: Thread Group 2-12
2020-09-16 16:07:11,721 INFO o.a.j.t.JMeterThread: Thread started: Thread Group 1-7
2020-09-16 16:07:11,758 INFO o.a.j.t.JMeterThread: Thread started: Thread Group 2-13
2020-09-16 16:07:11,854 INFO o.a.j.t.JMeterThread: Thread started: Thread Group 2-14
2020-09-16 16:07:11,921 INFO o.a.j.t.JMeterThread: Thread started: Thread Group 1-8
2020-09-16 16:07:11,957 INFO o.a.j.t.JMeterThread: Thread started: Thread Group 2-15
2020-09-16 16:07:12,059 INFO o.a.j.t.JMeterThread: Thread started: Thread Group 2-16
2020-09-16 16:07:12,123 INFO o.a.j.t.JMeterThread: Thread started: Thread Group 1-9
2020-09-16 16:07:12,155 INFO o.a.j.t.JMeterThread: Thread started: Thread Group 2-17
2020-09-16 16:07:12,257 INFO o.a.j.t.JMeterThread: Thread started: Thread Group 2-18
2020-09-16 16:07:12,320 INFO o.a.j.t.JMeterThread: Thread started: Thread Group 1-10
2020-09-16 16:07:12,357 INFO o.a.j.t.JMeterThread: Thread started: Thread Group 2-19
2020-09-16 16:07:12,456 INFO o.a.j.t.JMeterThread: Thread started: Thread Group 2-20
2020-09-16 16:07:12,521 INFO o.a.j.t.JMeterThread: Thread started: Thread Group 1-11
2020-09-16 16:07:12,556 INFO o.a.j.t.JMeterThread: Thread started: Thread Group 2-21
2020-09-16 16:07:12,656 INFO o.a.j.t.JMeterThread: Thread started: Thread Group 2-22
2020-09-16 16:07:12,722 INFO o.a.j.t.JMeterThread: Thread started: Thread Group 1-12
2020-09-16 16:07:12,757 INFO o.a.j.t.JMeterThread: Thread started: Thread Group 2-23
2020-09-16 16:07:12,854 INFO o.a.j.t.JMeterThread: Thread started: Thread Group 2-24
2020-09-16 16:07:12,922 INFO o.a.j.t.JMeterThread: Thread started: Thread Group 1-13
2020-09-16 16:07:12,953 INFO o.a.j.t.JMeterThread: Thread started: Thread Group 2-25
2020-09-16 16:07:13,053 INFO o.a.j.t.JMeterThread: Thread started: Thread Group 2-26
2020-09-16 16:07:13,123 INFO o.a.j.t.JMeterThread: Thread started: Thread Group 1-14
2020-09-16 16:07:13,155 INFO o.a.j.t.JMeterThread: Thread started: Thread Group 2-27
2020-09-16 16:07:13,257 INFO o.a.j.t.JMeterThread: Thread started: Thread Group 2-28
2020-09-16 16:07:13,321 INFO o.a.j.t.JMeterThread: Thread started: Thread Group 1-15
2020-09-16 16:07:13,357 INFO o.a.j.t.JMeterThread: Thread started: Thread Group 2-29
2020-09-16 16:07:13,455 INFO o.a.j.t.JMeterThread: Thread started: Thread Group 2-30
2020-09-16 16:07:13,522 INFO o.a.j.t.JMeterThread: Thread started: Thread Group 1-16
2020-09-16 16:07:13,554 INFO o.a.j.t.JMeterThread: Thread started: Thread Group 2-31
2020-09-16 16:07:13,655 INFO o.a.j.t.JMeterThread: Thread started: Thread Group 2-32
2020-09-16 16:07:13,722 INFO o.a.j.t.JMeterThread: Thread started: Thread Group 1-17
2020-09-16 16:07:13,753 INFO o.a.j.t.JMeterThread: Thread started: Thread Group 2-33
2020-09-16 16:07:13,854 INFO o.a.j.t.JMeterThread: Thread started: Thread Group 2-34
2020-09-16 16:07:13,923 INFO o.a.j.t.JMeterThread: Thread started: Thread Group 1-18
2020-09-16 16:07:13,956 INFO o.a.j.t.JMeterThread: Thread started: Thread Group 2-35
2020-09-16 16:07:14,057 INFO o.a.j.t.JMeterThread: Thread started: Thread Group 2-36
2020-09-16 16:07:14,120 INFO o.a.j.t.JMeterThread: Thread started: Thread Group 1-19
2020-09-16 16:07:14,156 INFO o.a.j.t.JMeterThread: Thread started: Thread Group 2-37
2020-09-16 16:07:14,257 INFO o.a.j.t.JMeterThread: Thread started: Thread Group 2-38
2020-09-16 16:07:14,321 INFO o.a.j.t.JMeterThread: Thread started: Thread Group 1-20
2020-09-16 16:07:14,356 INFO o.a.j.t.JMeterThread: Thread started: Thread Group 2-39
2020-09-16 16:07:14,457 INFO o.a.j.t.JMeterThread: Thread started: Thread Group 2-40
2020-09-16 16:07:14,520 INFO o.a.j.t.JMeterThread: Thread started: Thread Group 1-21
2020-09-16 16:07:14,556 INFO o.a.j.t.JMeterThread: Thread started: Thread Group 2-41
2020-09-16 16:07:14,653 INFO o.a.j.t.JMeterThread: Thread started: Thread Group 2-42
2020-09-16 16:07:14,723 INFO o.a.j.t.JMeterThread: Thread started: Thread Group 1-22
2020-09-16 16:07:14,756 INFO o.a.j.t.JMeterThread: Thread started: Thread Group 2-43
2020-09-16 16:07:14,857 INFO o.a.j.t.JMeterThread: Thread started: Thread Group 2-44
2020-09-16 16:07:14,920 INFO o.a.j.t.JMeterThread: Thread started: Thread Group 1-23
2020-09-16 16:07:14,956 INFO o.a.j.t.JMeterThread: Thread started: Thread Group 2-45
2020-09-16 16:07:15,057 INFO o.a.j.t.JMeterThread: Thread started: Thread Group 2-46
2020-09-16 16:07:15,122 INFO o.a.j.t.JMeterThread: Thread started: Thread Group 1-24
2020-09-16 16:07:15,154 INFO o.a.j.t.JMeterThread: Thread started: Thread Group 2-47
2020-09-16 16:07:15,256 INFO o.a.j.t.JMeterThread: Thread started: Thread Group 2-48
2020-09-16 16:07:15,322 INFO o.a.j.t.JMeterThread: Thread started: Thread Group 1-25
2020-09-16 16:07:15,354 INFO o.a.j.t.JMeterThread: Thread started: Thread Group 2-49
2020-09-16 16:07:15,455 INFO o.a.j.t.JMeterThread: Thread started: Thread Group 2-50
2020-09-16 16:07:15,522 INFO o.a.j.t.JMeterThread: Thread started: Thread Group 1-26
2020-09-16 16:07:15,556 INFO o.a.j.t.JMeterThread: Thread started: Thread Group 2-51
2020-09-16 16:07:15,654 INFO o.a.j.t.JMeterThread: Thread started: Thread Group 2-52
2020-09-16 16:07:15,723 INFO o.a.j.t.JMeterThread: Thread started: Thread Group 1-27
2020-09-16 16:07:15,757 INFO o.a.j.t.JMeterThread: Thread started: Thread Group 2-53
2020-09-16 16:07:15,853 INFO o.a.j.t.JMeterThread: Thread started: Thread Group 2-54
2020-09-16 16:07:15,920 INFO o.a.j.t.JMeterThread: Thread started: Thread Group 1-28
2020-09-16 16:07:15,957 INFO o.a.j.t.JMeterThread: Thread started: Thread Group 2-55
2020-09-16 16:07:16,057 INFO o.a.j.t.JMeterThread: Thread started: Thread Group 2-56
2020-09-16 16:07:16,120 INFO o.a.j.t.JMeterThread: Thread started: Thread Group 1-29
2020-09-16 16:07:16,156 INFO o.a.j.t.JMeterThread: Thread started: Thread Group 2-57
2020-09-16 16:07:16,253 INFO o.a.j.t.JMeterThread: Thread started: Thread Group 2-58
2020-09-16 16:07:16,323 INFO o.a.j.t.JMeterThread: Thread started: Thread Group 1-30
2020-09-16 16:07:16,353 INFO o.a.j.t.JMeterThread: Thread started: Thread Group 2-59
2020-09-16 16:07:16,457 INFO o.a.j.t.JMeterThread: Thread started: Thread Group 2-60
2020-09-16 16:07:16,520 INFO o.a.j.t.JMeterThread: Thread started: Thread Group 1-31
2020-09-16 16:07:16,555 INFO o.a.j.t.JMeterThread: Thread started: Thread Group 2-61
2020-09-16 16:07:16,657 INFO o.a.j.t.JMeterThread: Thread started: Thread Group 2-62
2020-09-16 16:07:16,723 INFO o.a.j.t.JMeterThread: Thread started: Thread Group 1-32
2020-09-16 16:07:16,757 INFO o.a.j.t.JMeterThread: Thread started: Thread Group 2-63
2020-09-16 16:07:16,856 INFO o.a.j.t.JMeterThread: Thread started: Thread Group 2-64
2020-09-16 16:07:16,920 INFO o.a.j.t.JMeterThread: Thread started: Thread Group 1-33
2020-09-16 16:07:16,953 INFO o.a.j.t.JMeterThread: Thread started: Thread Group 2-65
2020-09-16 16:07:17,057 INFO o.a.j.t.JMeterThread: Thread started: Thread Group 2-66
2020-09-16 16:07:17,120 INFO o.a.j.t.JMeterThread: Thread started: Thread Group 1-34
2020-09-16 16:07:17,157 INFO o.a.j.t.JMeterThread: Thread started: Thread Group 2-67
2020-09-16 16:07:17,253 INFO o.a.j.t.JMeterThread: Thread started: Thread Group 2-68
2020-09-16 16:07:17,322 INFO o.a.j.t.JMeterThread: Thread started: Thread Group 1-35
2020-09-16 16:07:17,357 INFO o.a.j.t.JMeterThread: Thread started: Thread Group 2-69
2020-09-16 16:07:17,456 INFO o.a.j.t.JMeterThread: Thread started: Thread Group 2-70
2020-09-16 16:07:17,523 INFO o.a.j.t.JMeterThread: Thread started: Thread Group 1-36
2020-09-16 16:07:17,556 INFO o.a.j.t.JMeterThread: Thread started: Thread Group 2-71
2020-09-16 16:07:17,656 INFO o.a.j.t.JMeterThread: Thread started: Thread Group 2-72
2020-09-16 16:07:17,720 INFO o.a.j.t.JMeterThread: Thread started: Thread Group 1-37
2020-09-16 16:07:17,757 INFO o.a.j.t.JMeterThread: Thread started: Thread Group 2-73
2020-09-16 16:07:17,854 INFO o.a.j.t.JMeterThread: Thread started: Thread Group 2-74
2020-09-16 16:07:17,921 INFO o.a.j.t.JMeterThread: Thread started: Thread Group 1-38
2020-09-16 16:07:17,957 INFO o.a.j.t.JMeterThread: Thread started: Thread Group 2-75
2020-09-16 16:07:18,058 INFO o.a.j.t.JMeterThread: Thread started: Thread Group 2-76
2020-09-16 16:07:18,120 INFO o.a.j.t.JMeterThread: Thread started: Thread Group 1-39
2020-09-16 16:07:18,154 INFO o.a.j.t.JMeterThread: Thread started: Thread Group 2-77
2020-09-16 16:07:18,258 INFO o.a.j.t.JMeterThread: Thread started: Thread Group 2-78
2020-09-16 16:07:18,321 INFO o.a.j.t.JMeterThread: Thread started: Thread Group 1-40
2020-09-16 16:07:18,357 INFO o.a.j.t.JMeterThread: Thread started: Thread Group 2-79
2020-09-16 16:07:18,456 INFO o.a.j.t.JMeterThread: Thread started: Thread Group 2-80
2020-09-16 16:07:18,522 INFO o.a.j.t.JMeterThread: Thread started: Thread Group 1-41
2020-09-16 16:07:18,557 INFO o.a.j.t.JMeterThread: Thread started: Thread Group 2-81
2020-09-16 16:07:18,656 INFO o.a.j.t.JMeterThread: Thread started: Thread Group 2-82
2020-09-16 16:07:18,722 INFO o.a.j.t.JMeterThread: Thread started: Thread Group 1-42
2020-09-16 16:07:18,757 INFO o.a.j.t.JMeterThread: Thread started: Thread Group 2-83
2020-09-16 16:07:18,857 INFO o.a.j.t.JMeterThread: Thread started: Thread Group 2-84
2020-09-16 16:07:18,920 INFO o.a.j.t.JMeterThread: Thread started: Thread Group 1-43
2020-09-16 16:07:18,955 INFO o.a.j.t.JMeterThread: Thread started: Thread Group 2-85
2020-09-16 16:07:19,056 INFO o.a.j.t.JMeterThread: Thread started: Thread Group 2-86
2020-09-16 16:07:19,121 INFO o.a.j.t.JMeterThread: Thread started: Thread Group 1-44
2020-09-16 16:07:19,157 INFO o.a.j.t.JMeterThread: Thread started: Thread Group 2-87
2020-09-16 16:07:19,257 INFO o.a.j.t.JMeterThread: Thread started: Thread Group 2-88
2020-09-16 16:07:19,321 INFO o.a.j.t.JMeterThread: Thread started: Thread Group 1-45
2020-09-16 16:07:19,355 INFO o.a.j.t.JMeterThread: Thread started: Thread Group 2-89
2020-09-16 16:07:19,452 INFO o.a.j.t.JMeterThread: Thread started: Thread Group 2-90
2020-09-16 16:07:19,520 INFO o.a.j.t.JMeterThread: Thread started: Thread Group 1-46
2020-09-16 16:07:19,558 INFO o.a.j.t.JMeterThread: Thread started: Thread Group 2-91
2020-09-16 16:07:19,652 INFO o.a.j.t.JMeterThread: Thread started: Thread Group 2-92
2020-09-16 16:07:19,720 INFO o.a.j.t.JMeterThread: Thread started: Thread Group 1-47
2020-09-16 16:07:19,754 INFO o.a.j.t.JMeterThread: Thread started: Thread Group 2-93
2020-09-16 16:07:19,856 INFO o.a.j.t.JMeterThread: Thread started: Thread Group 2-94
2020-09-16 16:07:19,923 INFO o.a.j.t.JMeterThread: Thread started: Thread Group 1-48
2020-09-16 16:07:19,958 INFO o.a.j.t.JMeterThread: Thread started: Thread Group 2-95
2020-09-16 16:07:20,056 INFO o.a.j.t.JMeterThread: Thread started: Thread Group 2-96
2020-09-16 16:07:20,122 INFO o.a.j.t.JMeterThread: Thread started: Thread Group 1-49
2020-09-16 16:07:20,154 INFO o.a.j.t.JMeterThread: Thread started: Thread Group 2-97
2020-09-16 16:07:20,257 INFO o.a.j.t.JMeterThread: Thread started: Thread Group 2-98
2020-09-16 16:07:20,322 INFO o.a.j.t.JMeterThread: Thread started: Thread Group 1-50
2020-09-16 16:07:20,357 INFO o.a.j.t.JMeterThread: Thread started: Thread Group 2-99
2020-09-16 16:07:20,458 INFO o.a.j.t.JMeterThread: Thread started: Thread Group 2-100
2020-09-16 16:07:27,350 INFO o.a.j.t.JMeterThread: Thread is done: Thread Group 2-5
2020-09-16 16:07:27,350 INFO o.a.j.t.JMeterThread: Thread finished: Thread Group 2-5
2020-09-16 16:07:33,370 INFO o.a.j.t.JMeterThread: Thread is done: Thread Group 2-21
2020-09-16 16:07:33,371 INFO o.a.j.t.JMeterThread: Thread finished: Thread Group 2-21
2020-09-16 16:07:33,402 INFO o.a.j.t.JMeterThread: Thread is done: Thread Group 2-8
2020-09-16 16:07:33,402 INFO o.a.j.t.JMeterThread: Thread finished: Thread Group 2-8
2020-09-16 16:07:34,257 INFO o.a.j.t.JMeterThread: Thread is done: Thread Group 2-3
2020-09-16 16:07:34,258 INFO o.a.j.t.JMeterThread: Thread finished: Thread Group 2-3
2020-09-16 16:07:34,262 INFO o.a.j.t.JMeterThread: Thread is done: Thread Group 2-15
2020-09-16 16:07:34,263 INFO o.a.j.t.JMeterThread: Thread finished: Thread Group 2-15
2020-09-16 16:07:34,289 INFO o.a.j.t.JMeterThread: Thread is done: Thread Group 2-18
2020-09-16 16:07:34,290 INFO o.a.j.t.JMeterThread: Thread finished: Thread Group 2-18
2020-09-16 16:07:34,304 INFO o.a.j.t.JMeterThread: Thread is done: Thread Group 2-36
2020-09-16 16:07:34,304 INFO o.a.j.t.JMeterThread: Thread finished: Thread Group 2-36
2020-09-16 16:07:34,325 INFO o.a.j.t.JMeterThread: Thread is done: Thread Group 2-39
2020-09-16 16:07:34,326 INFO o.a.j.t.JMeterThread: Thread finished: Thread Group 2-39
2020-09-16 16:07:34,333 INFO o.a.j.t.JMeterThread: Thread is done: Thread Group 2-35
2020-09-16 16:07:34,334 INFO o.a.j.t.JMeterThread: Thread finished: Thread Group 2-35
2020-09-16 16:07:34,413 INFO o.a.j.t.JMeterThread: Thread is done: Thread Group 2-24
2020-09-16 16:07:34,413 INFO o.a.j.t.JMeterThread: Thread finished: Thread Group 2-24
2020-09-16 16:07:35,210 INFO o.a.j.t.JMeterThread: Thread is done: Thread Group 2-81
2020-09-16 16:07:35,210 INFO o.a.j.t.JMeterThread: Thread finished: Thread Group 2-81
2020-09-16 16:07:35,251 INFO o.a.j.t.JMeterThread: Thread is done: Thread Group 2-60
2020-09-16 16:07:35,251 INFO o.a.j.t.JMeterThread: Thread finished: Thread Group 2-60
2020-09-16 16:07:35,291 INFO o.a.j.t.JMeterThread: Thread is done: Thread Group 2-87
2020-09-16 16:07:35,291 INFO o.a.j.t.JMeterThread: Thread is done: Thread Group 2-77
2020-09-16 16:07:35,291 INFO o.a.j.t.JMeterThread: Thread finished: Thread Group 2-87
2020-09-16 16:07:35,291 INFO o.a.j.t.JMeterThread: Thread finished: Thread Group 2-77
2020-09-16 16:07:35,302 INFO o.a.j.t.JMeterThread: Thread is done: Thread Group 2-11
2020-09-16 16:07:35,302 INFO o.a.j.t.JMeterThread: Thread finished: Thread Group 2-11
2020-09-16 16:07:35,318 INFO o.a.j.t.JMeterThread: Thread is done: Thread Group 2-96
2020-09-16 16:07:35,318 INFO o.a.j.t.JMeterThread: Thread finished: Thread Group 2-96
2020-09-16 16:07:35,359 INFO o.a.j.t.JMeterThread: Thread is done: Thread Group 2-50
2020-09-16 16:07:35,359 INFO o.a.j.t.JMeterThread: Thread finished: Thread Group 2-50
2020-09-16 16:07:35,805 INFO o.a.j.t.JMeterThread: Thread is done: Thread Group 2-31
2020-09-16 16:07:35,805 INFO o.a.j.t.JMeterThread: Thread finished: Thread Group 2-31
2020-09-16 16:07:36,081 INFO o.a.j.t.JMeterThread: Thread is done: Thread Group 2-69
2020-09-16 16:07:36,081 INFO o.a.j.t.JMeterThread: Thread finished: Thread Group 2-69
2020-09-16 16:07:36,100 INFO o.a.j.t.JMeterThread: Thread is done: Thread Group 2-85
2020-09-16 16:07:36,100 INFO o.a.j.t.JMeterThread: Thread finished: Thread Group 2-85
2020-09-16 16:07:36,116 INFO o.a.j.t.JMeterThread: Thread is done: Thread Group 2-80
2020-09-16 16:07:36,116 INFO o.a.j.t.JMeterThread: Thread finished: Thread Group 2-80
2020-09-16 16:07:36,173 INFO o.a.j.t.JMeterThread: Thread is done: Thread Group 2-47
2020-09-16 16:07:36,173 INFO o.a.j.t.JMeterThread: Thread finished: Thread Group 2-47
2020-09-16 16:07:36,192 INFO o.a.j.t.JMeterThread: Thread is done: Thread Group 2-61
2020-09-16 16:07:36,193 INFO o.a.j.t.JMeterThread: Thread finished: Thread Group 2-61
2020-09-16 16:07:36,255 INFO o.a.j.t.JMeterThread: Thread is done: Thread Group 2-63
2020-09-16 16:07:36,255 INFO o.a.j.t.JMeterThread: Thread finished: Thread Group 2-63
2020-09-16 16:07:36,287 INFO o.a.j.t.JMeterThread: Thread is done: Thread Group 2-92
2020-09-16 16:07:36,287 INFO o.a.j.t.JMeterThread: Thread finished: Thread Group 2-92
2020-09-16 16:07:36,360 INFO o.a.j.t.JMeterThread: Thread is done: Thread Group 2-84
2020-09-16 16:07:36,360 INFO o.a.j.t.JMeterThread: Thread finished: Thread Group 2-84
2020-09-16 16:07:36,367 INFO o.a.j.t.JMeterThread: Thread is done: Thread Group 2-70
2020-09-16 16:07:36,367 INFO o.a.j.t.JMeterThread: Thread is done: Thread Group 2-64
2020-09-16 16:07:36,367 INFO o.a.j.t.JMeterThread: Thread is done: Thread Group 2-32
2020-09-16 16:07:36,368 INFO o.a.j.t.JMeterThread: Thread finished: Thread Group 2-64
2020-09-16 16:07:36,368 INFO o.a.j.t.JMeterThread: Thread finished: Thread Group 2-70
2020-09-16 16:07:36,368 INFO o.a.j.t.JMeterThread: Thread finished: Thread Group 2-32
2020-09-16 16:07:36,369 INFO o.a.j.t.JMeterThread: Thread is done: Thread Group 2-4
2020-09-16 16:07:36,369 INFO o.a.j.t.JMeterThread: Thread is done: Thread Group 2-66
2020-09-16 16:07:36,369 INFO o.a.j.t.JMeterThread: Thread finished: Thread Group 2-4
2020-09-16 16:07:36,369 INFO o.a.j.t.JMeterThread: Thread finished: Thread Group 2-66
2020-09-16 16:07:36,482 INFO o.a.j.t.JMeterThread: Thread is done: Thread Group 2-90
2020-09-16 16:07:36,482 INFO o.a.j.t.JMeterThread: Thread finished: Thread Group 2-90
2020-09-16 16:07:36,674 INFO o.a.j.t.JMeterThread: Thread is done: Thread Group 2-7
2020-09-16 16:07:36,674 INFO o.a.j.t.JMeterThread: Thread finished: Thread Group 2-7
2020-09-16 16:07:36,676 INFO o.a.j.t.JMeterThread: Thread is done: Thread Group 2-16
2020-09-16 16:07:36,677 INFO o.a.j.t.JMeterThread: Thread finished: Thread Group 2-16
2020-09-16 16:07:36,707 INFO o.a.j.t.JMeterThread: Thread is done: Thread Group 2-40
2020-09-16 16:07:36,707 INFO o.a.j.t.JMeterThread: Thread finished: Thread Group 2-40
2020-09-16 16:07:36,715 INFO o.a.j.t.JMeterThread: Thread is done: Thread Group 2-65
2020-09-16 16:07:36,715 INFO o.a.j.t.JMeterThread: Thread finished: Thread Group 2-65
2020-09-16 16:07:36,759 INFO o.a.j.t.JMeterThread: Thread is done: Thread Group 2-9
2020-09-16 16:07:36,759 INFO o.a.j.t.JMeterThread: Thread finished: Thread Group 2-9
2020-09-16 16:07:36,784 INFO o.a.j.t.JMeterThread: Thread is done: Thread Group 2-62
2020-09-16 16:07:36,784 INFO o.a.j.t.JMeterThread: Thread finished: Thread Group 2-62
2020-09-16 16:07:36,797 INFO o.a.j.t.JMeterThread: Thread is done: Thread Group 2-28
2020-09-16 16:07:36,798 INFO o.a.j.t.JMeterThread: Thread finished: Thread Group 2-28
2020-09-16 16:07:36,815 INFO o.a.j.t.JMeterThread: Thread is done: Thread Group 2-94
2020-09-16 16:07:36,815 INFO o.a.j.t.JMeterThread: Thread finished: Thread Group 2-94
2020-09-16 16:07:36,817 INFO o.a.j.t.JMeterThread: Thread is done: Thread Group 2-45
2020-09-16 16:07:36,817 INFO o.a.j.t.JMeterThread: Thread finished: Thread Group 2-45
2020-09-16 16:07:36,822 INFO o.a.j.t.JMeterThread: Thread is done: Thread Group 2-53
2020-09-16 16:07:36,822 INFO o.a.j.t.JMeterThread: Thread finished: Thread Group 2-53
2020-09-16 16:07:36,831 INFO o.a.j.t.JMeterThread: Thread is done: Thread Group 2-37
2020-09-16 16:07:36,831 INFO o.a.j.t.JMeterThread: Thread finished: Thread Group 2-37
2020-09-16 16:07:36,846 INFO o.a.j.t.JMeterThread: Thread is done: Thread Group 2-54
2020-09-16 16:07:36,846 INFO o.a.j.t.JMeterThread: Thread finished: Thread Group 2-54
2020-09-16 16:07:36,890 INFO o.a.j.t.JMeterThread: Thread is done: Thread Group 2-74
2020-09-16 16:07:36,890 INFO o.a.j.t.JMeterThread: Thread finished: Thread Group 2-74
2020-09-16 16:07:36,901 INFO o.a.j.t.JMeterThread: Thread is done: Thread Group 2-12
2020-09-16 16:07:36,901 INFO o.a.j.t.JMeterThread: Thread finished: Thread Group 2-12
2020-09-16 16:07:36,906 INFO o.a.j.t.JMeterThread: Thread is done: Thread Group 2-13
2020-09-16 16:07:36,906 INFO o.a.j.t.JMeterThread: Thread finished: Thread Group 2-13
2020-09-16 16:07:36,909 INFO o.a.j.t.JMeterThread: Thread is done: Thread Group 2-58
2020-09-16 16:07:36,909 INFO o.a.j.t.JMeterThread: Thread is done: Thread Group 2-86
2020-09-16 16:07:36,909 INFO o.a.j.t.JMeterThread: Thread finished: Thread Group 2-58
2020-09-16 16:07:36,909 INFO o.a.j.t.JMeterThread: Thread finished: Thread Group 2-86
2020-09-16 16:07:36,917 INFO o.a.j.t.JMeterThread: Thread is done: Thread Group 2-6
2020-09-16 16:07:36,918 INFO o.a.j.t.JMeterThread: Thread finished: Thread Group 2-6
2020-09-16 16:07:36,942 INFO o.a.j.t.JMeterThread: Thread is done: Thread Group 2-72
2020-09-16 16:07:36,942 INFO o.a.j.t.JMeterThread: Thread finished: Thread Group 2-72
2020-09-16 16:07:38,615 INFO o.a.j.t.JMeterThread: Thread is done: Thread Group 1-3
2020-09-16 16:07:38,615 INFO o.a.j.t.JMeterThread: Thread finished: Thread Group 1-3
2020-09-16 16:07:38,618 INFO o.a.j.t.JMeterThread: Thread is done: Thread Group 1-25
2020-09-16 16:07:38,618 INFO o.a.j.t.JMeterThread: Thread is done: Thread Group 1-45
2020-09-16 16:07:38,618 INFO o.a.j.t.JMeterThread: Thread is done: Thread Group 1-9
2020-09-16 16:07:38,618 INFO o.a.j.t.JMeterThread: Thread is done: Thread Group 1-16
2020-09-16 16:07:38,618 INFO o.a.j.t.JMeterThread: Thread is done: Thread Group 1-47
2020-09-16 16:07:38,618 INFO o.a.j.t.JMeterThread: Thread finished: Thread Group 1-9
2020-09-16 16:07:38,618 INFO o.a.j.t.JMeterThread: Thread is done: Thread Group 1-44
2020-09-16 16:07:38,618 INFO o.a.j.t.JMeterThread: Thread is done: Thread Group 1-15
2020-09-16 16:07:38,618 INFO o.a.j.t.JMeterThread: Thread is done: Thread Group 1-31
2020-09-16 16:07:38,618 INFO o.a.j.t.JMeterThread: Thread finished: Thread Group 1-47
2020-09-16 16:07:38,619 INFO o.a.j.t.JMeterThread: Thread finished: Thread Group 1-44
2020-09-16 16:07:38,619 INFO o.a.j.t.JMeterThread: Thread is done: Thread Group 1-41
2020-09-16 16:07:38,619 INFO o.a.j.t.JMeterThread: Thread finished: Thread Group 1-41
2020-09-16 16:07:38,618 INFO o.a.j.t.JMeterThread: Thread finished: Thread Group 1-45
2020-09-16 16:07:38,619 INFO o.a.j.t.JMeterThread: Thread is done: Thread Group 1-7
2020-09-16 16:07:38,618 INFO o.a.j.t.JMeterThread: Thread finished: Thread Group 1-25
2020-09-16 16:07:38,619 INFO o.a.j.t.JMeterThread: Thread finished: Thread Group 1-7
2020-09-16 16:07:38,619 INFO o.a.j.t.JMeterThread: Thread is done: Thread Group 1-23
2020-09-16 16:07:38,620 INFO o.a.j.t.JMeterThread: Thread finished: Thread Group 1-16
2020-09-16 16:07:38,619 INFO o.a.j.t.JMeterThread: Thread finished: Thread Group 1-31
2020-09-16 16:07:38,620 INFO o.a.j.t.JMeterThread: Thread finished: Thread Group 1-23
2020-09-16 16:07:38,618 INFO o.a.j.t.JMeterThread: Thread finished: Thread Group 1-15
2020-09-16 16:07:38,620 INFO o.a.j.t.JMeterThread: Thread is done: Thread Group 1-2
2020-09-16 16:07:38,620 INFO o.a.j.t.JMeterThread: Thread is done: Thread Group 1-40
2020-09-16 16:07:38,620 INFO o.a.j.t.JMeterThread: Thread is done: Thread Group 1-22
2020-09-16 16:07:38,620 INFO o.a.j.t.JMeterThread: Thread finished: Thread Group 1-2
2020-09-16 16:07:38,620 INFO o.a.j.t.JMeterThread: Thread finished: Thread Group 1-22
2020-09-16 16:07:38,620 INFO o.a.j.t.JMeterThread: Thread finished: Thread Group 1-40
2020-09-16 16:07:38,622 INFO o.a.j.t.JMeterThread: Thread is done: Thread Group 1-35
2020-09-16 16:07:38,622 INFO o.a.j.t.JMeterThread: Thread finished: Thread Group 1-35
2020-09-16 16:07:44,554 INFO o.a.j.t.JMeterThread: Thread is done: Thread Group 1-33
2020-09-16 16:07:44,555 INFO o.a.j.t.JMeterThread: Thread finished: Thread Group 1-33
2020-09-16 16:07:47,113 INFO o.a.j.t.JMeterThread: Thread is done: Thread Group 1-12
2020-09-16 16:07:47,113 INFO o.a.j.t.JMeterThread: Thread finished: Thread Group 1-12
2020-09-16 16:07:47,277 INFO o.a.j.t.JMeterThread: Thread is done: Thread Group 1-11
2020-09-16 16:07:47,277 INFO o.a.j.t.JMeterThread: Thread finished: Thread Group 1-11
2020-09-16 16:07:47,444 INFO o.a.j.t.JMeterThread: Thread is done: Thread Group 2-56
2020-09-16 16:07:47,444 INFO o.a.j.t.JMeterThread: Thread finished: Thread Group 2-56
2020-09-16 16:07:47,450 INFO o.a.j.t.JMeterThread: Thread is done: Thread Group 1-19
2020-09-16 16:07:47,450 INFO o.a.j.t.JMeterThread: Thread finished: Thread Group 1-19
2020-09-16 16:07:47,893 INFO o.a.j.t.JMeterThread: Thread is done: Thread Group 1-17
2020-09-16 16:07:47,894 INFO o.a.j.t.JMeterThread: Thread finished: Thread Group 1-17
2020-09-16 16:07:48,706 INFO o.a.j.t.JMeterThread: Thread is done: Thread Group 1-37
2020-09-16 16:07:48,706 INFO o.a.j.t.JMeterThread: Thread finished: Thread Group 1-37
2020-09-16 16:07:48,795 INFO o.a.j.t.JMeterThread: Thread is done: Thread Group 1-20
2020-09-16 16:07:48,796 INFO o.a.j.t.JMeterThread: Thread finished: Thread Group 1-20
2020-09-16 16:07:51,414 INFO o.a.j.t.JMeterThread: Thread is done: Thread Group 2-1
2020-09-16 16:07:51,415 INFO o.a.j.t.JMeterThread: Thread finished: Thread Group 2-1
2020-09-16 16:07:51,545 INFO o.a.j.t.JMeterThread: Thread is done: Thread Group 1-36
2020-09-16 16:07:51,545 INFO o.a.j.t.JMeterThread: Thread finished: Thread Group 1-36
2020-09-16 16:07:51,564 INFO o.a.j.t.JMeterThread: Thread is done: Thread Group 1-46
2020-09-16 16:07:51,564 INFO o.a.j.t.JMeterThread: Thread finished: Thread Group 1-46
2020-09-16 16:07:51,825 INFO o.a.j.t.JMeterThread: Thread is done: Thread Group 1-10
2020-09-16 16:07:51,825 INFO o.a.j.t.JMeterThread: Thread finished: Thread Group 1-10
2020-09-16 16:07:51,859 INFO o.a.j.t.JMeterThread: Thread is done: Thread Group 1-34
2020-09-16 16:07:51,859 INFO o.a.j.t.JMeterThread: Thread finished: Thread Group 1-34
2020-09-16 16:07:51,864 INFO o.a.j.t.JMeterThread: Thread is done: Thread Group 1-50
2020-09-16 16:07:51,864 INFO o.a.j.t.JMeterThread: Thread finished: Thread Group 1-50
2020-09-16 16:07:51,872 INFO o.a.j.t.JMeterThread: Thread is done: Thread Group 1-39
2020-09-16 16:07:51,872 INFO o.a.j.t.JMeterThread: Thread finished: Thread Group 1-39
2020-09-16 16:07:52,337 INFO o.a.j.t.JMeterThread: Thread is done: Thread Group 1-28
2020-09-16 16:07:52,337 INFO o.a.j.t.JMeterThread: Thread finished: Thread Group 1-28
2020-09-16 16:07:53,612 INFO o.a.j.t.JMeterThread: Thread is done: Thread Group 1-14
2020-09-16 16:07:53,612 INFO o.a.j.t.JMeterThread: Thread finished: Thread Group 1-14
2020-09-16 16:07:54,465 INFO o.a.j.t.JMeterThread: Thread is done: Thread Group 1-49
2020-09-16 16:07:54,465 INFO o.a.j.t.JMeterThread: Thread finished: Thread Group 1-49
2020-09-16 16:08:03,387 INFO o.a.j.t.JMeterThread: Thread is done: Thread Group 2-46
2020-09-16 16:08:03,387 INFO o.a.j.t.JMeterThread: Thread finished: Thread Group 2-46
2020-09-16 16:08:03,797 INFO o.a.j.t.JMeterThread: Thread is done: Thread Group 2-10
2020-09-16 16:08:03,797 INFO o.a.j.t.JMeterThread: Thread finished: Thread Group 2-10
2020-09-16 16:08:05,314 INFO o.a.j.t.JMeterThread: Thread is done: Thread Group 2-41
2020-09-16 16:08:05,314 INFO o.a.j.t.JMeterThread: Thread finished: Thread Group 2-41
2020-09-16 16:08:05,338 INFO o.a.j.t.JMeterThread: Thread is done: Thread Group 2-33
2020-09-16 16:08:05,338 INFO o.a.j.t.JMeterThread: Thread finished: Thread Group 2-33
2020-09-16 16:08:05,572 INFO o.a.j.t.JMeterThread: Thread is done: Thread Group 2-99
2020-09-16 16:08:05,572 INFO o.a.j.t.JMeterThread: Thread is done: Thread Group 2-14
2020-09-16 16:08:05,572 INFO o.a.j.t.JMeterThread: Thread finished: Thread Group 2-99
2020-09-16 16:08:05,572 INFO o.a.j.t.JMeterThread: Thread finished: Thread Group 2-14
2020-09-16 16:08:05,839 INFO o.a.j.t.JMeterThread: Thread is done: Thread Group 1-24
2020-09-16 16:08:05,839 INFO o.a.j.t.JMeterThread: Thread is done: Thread Group 1-1
2020-09-16 16:08:05,839 INFO o.a.j.t.JMeterThread: Thread finished: Thread Group 1-24
2020-09-16 16:08:05,839 INFO o.a.j.t.JMeterThread: Thread finished: Thread Group 1-1
2020-09-16 16:08:05,845 INFO o.a.j.t.JMeterThread: Thread is done: Thread Group 1-5
2020-09-16 16:08:05,845 INFO o.a.j.t.JMeterThread: Thread finished: Thread Group 1-5
2020-09-16 16:08:05,856 INFO o.a.j.t.JMeterThread: Thread is done: Thread Group 1-8
2020-09-16 16:08:05,857 INFO o.a.j.t.JMeterThread: Thread finished: Thread Group 1-8
2020-09-16 16:08:05,858 INFO o.a.j.t.JMeterThread: Thread is done: Thread Group 1-29
2020-09-16 16:08:05,858 INFO o.a.j.t.JMeterThread: Thread finished: Thread Group 1-29
2020-09-16 16:08:05,863 INFO o.a.j.t.JMeterThread: Thread is done: Thread Group 1-38
2020-09-16 16:08:05,863 INFO o.a.j.t.JMeterThread: Thread is done: Thread Group 1-48
2020-09-16 16:08:05,863 INFO o.a.j.t.JMeterThread: Thread finished: Thread Group 1-38
2020-09-16 16:08:05,863 INFO o.a.j.t.JMeterThread: Thread finished: Thread Group 1-48
2020-09-16 16:08:05,867 INFO o.a.j.t.JMeterThread: Thread is done: Thread Group 1-6
2020-09-16 16:08:05,867 INFO o.a.j.t.JMeterThread: Thread finished: Thread Group 1-6
2020-09-16 16:08:05,876 INFO o.a.j.t.JMeterThread: Thread is done: Thread Group 1-32
2020-09-16 16:08:05,876 INFO o.a.j.t.JMeterThread: Thread finished: Thread Group 1-32
2020-09-16 16:08:05,883 INFO o.a.j.t.JMeterThread: Thread is done: Thread Group 1-4
2020-09-16 16:08:05,883 INFO o.a.j.t.JMeterThread: Thread finished: Thread Group 1-4
2020-09-16 16:08:05,884 INFO o.a.j.t.JMeterThread: Thread is done: Thread Group 1-18
2020-09-16 16:08:05,884 INFO o.a.j.t.JMeterThread: Thread is done: Thread Group 1-30
2020-09-16 16:08:05,884 INFO o.a.j.t.JMeterThread: Thread finished: Thread Group 1-18
2020-09-16 16:08:05,884 INFO o.a.j.t.JMeterThread: Thread finished: Thread Group 1-30
2020-09-16 16:08:05,885 INFO o.a.j.t.JMeterThread: Thread is done: Thread Group 1-27
2020-09-16 16:08:05,885 INFO o.a.j.t.JMeterThread: Thread finished: Thread Group 1-27
2020-09-16 16:08:05,885 INFO o.a.j.t.JMeterThread: Thread is done: Thread Group 1-43
2020-09-16 16:08:05,885 INFO o.a.j.t.JMeterThread: Thread finished: Thread Group 1-43
2020-09-16 16:08:05,948 INFO o.a.j.t.JMeterThread: Thread is done: Thread Group 2-52
2020-09-16 16:08:05,948 INFO o.a.j.t.JMeterThread: Thread finished: Thread Group 2-52
2020-09-16 16:08:05,968 INFO o.a.j.t.JMeterThread: Thread is done: Thread Group 2-22
2020-09-16 16:08:05,968 INFO o.a.j.t.JMeterThread: Thread finished: Thread Group 2-22
2020-09-16 16:08:06,128 INFO o.a.j.t.JMeterThread: Thread is done: Thread Group 2-25
2020-09-16 16:08:06,128 INFO o.a.j.t.JMeterThread: Thread finished: Thread Group 2-25
2020-09-16 16:08:06,132 INFO o.a.j.t.JMeterThread: Thread is done: Thread Group 2-2
2020-09-16 16:08:06,132 INFO o.a.j.t.JMeterThread: Thread finished: Thread Group 2-2
2020-09-16 16:08:06,646 INFO o.a.j.t.JMeterThread: Thread is done: Thread Group 2-59
2020-09-16 16:08:06,646 INFO o.a.j.t.JMeterThread: Thread finished: Thread Group 2-59
2020-09-16 16:08:06,650 INFO o.a.j.t.JMeterThread: Thread is done: Thread Group 2-76
2020-09-16 16:08:06,650 INFO o.a.j.t.JMeterThread: Thread finished: Thread Group 2-76
2020-09-16 16:08:06,658 INFO o.a.j.t.JMeterThread: Thread is done: Thread Group 2-48
2020-09-16 16:08:06,658 INFO o.a.j.t.JMeterThread: Thread finished: Thread Group 2-48
2020-09-16 16:08:06,749 INFO o.a.j.t.JMeterThread: Thread is done: Thread Group 2-29
2020-09-16 16:08:06,749 INFO o.a.j.t.JMeterThread: Thread finished: Thread Group 2-29
2020-09-16 16:08:06,751 INFO o.a.j.t.JMeterThread: Thread is done: Thread Group 2-67
2020-09-16 16:08:06,751 INFO o.a.j.t.JMeterThread: Thread finished: Thread Group 2-67
2020-09-16 16:08:07,227 INFO o.a.j.t.JMeterThread: Thread is done: Thread Group 1-42
2020-09-16 16:08:07,227 INFO o.a.j.t.JMeterThread: Thread finished: Thread Group 1-42
2020-09-16 16:08:07,264 INFO o.a.j.t.JMeterThread: Thread is done: Thread Group 2-49
2020-09-16 16:08:07,264 INFO o.a.j.t.JMeterThread: Thread finished: Thread Group 2-49
2020-09-16 16:08:07,268 INFO o.a.j.t.JMeterThread: Thread is done: Thread Group 2-17
2020-09-16 16:08:07,269 INFO o.a.j.t.JMeterThread: Thread finished: Thread Group 2-17
2020-09-16 16:08:07,273 INFO o.a.j.t.JMeterThread: Thread is done: Thread Group 2-88
2020-09-16 16:08:07,273 INFO o.a.j.t.JMeterThread: Thread is done: Thread Group 2-82
2020-09-16 16:08:07,273 INFO o.a.j.t.JMeterThread: Thread finished: Thread Group 2-88
2020-09-16 16:08:07,273 INFO o.a.j.t.JMeterThread: Thread finished: Thread Group 2-82
2020-09-16 16:08:07,293 INFO o.a.j.t.JMeterThread: Thread is done: Thread Group 2-83
2020-09-16 16:08:07,293 INFO o.a.j.t.JMeterThread: Thread is done: Thread Group 2-71
2020-09-16 16:08:07,293 INFO o.a.j.t.JMeterThread: Thread finished: Thread Group 2-83
2020-09-16 16:08:07,293 INFO o.a.j.t.JMeterThread: Thread finished: Thread Group 2-71
2020-09-16 16:08:07,312 INFO o.a.j.t.JMeterThread: Thread is done: Thread Group 2-27
2020-09-16 16:08:07,312 INFO o.a.j.t.JMeterThread: Thread finished: Thread Group 2-27
2020-09-16 16:08:07,317 INFO o.a.j.t.JMeterThread: Thread is done: Thread Group 2-34
2020-09-16 16:08:07,318 INFO o.a.j.t.JMeterThread: Thread finished: Thread Group 2-34
2020-09-16 16:08:07,341 INFO o.a.j.t.JMeterThread: Thread is done: Thread Group 2-23
2020-09-16 16:08:07,341 INFO o.a.j.t.JMeterThread: Thread finished: Thread Group 2-23
2020-09-16 16:08:07,350 INFO o.a.j.t.JMeterThread: Thread is done: Thread Group 2-79
2020-09-16 16:08:07,350 INFO o.a.j.t.JMeterThread: Thread finished: Thread Group 2-79
2020-09-16 16:08:07,392 INFO o.a.j.t.JMeterThread: Thread is done: Thread Group 2-19
2020-09-16 16:08:07,392 INFO o.a.j.t.JMeterThread: Thread finished: Thread Group 2-19
2020-09-16 16:08:07,418 INFO o.a.j.t.JMeterThread: Thread is done: Thread Group 2-68
2020-09-16 16:08:07,418 INFO o.a.j.t.JMeterThread: Thread finished: Thread Group 2-68
2020-09-16 16:08:07,424 INFO o.a.j.t.JMeterThread: Thread is done: Thread Group 2-73
2020-09-16 16:08:07,424 INFO o.a.j.t.JMeterThread: Thread finished: Thread Group 2-73
2020-09-16 16:08:07,426 INFO o.a.j.t.JMeterThread: Thread is done: Thread Group 2-89
2020-09-16 16:08:07,426 INFO o.a.j.t.JMeterThread: Thread is done: Thread Group 2-91
2020-09-16 16:08:07,426 INFO o.a.j.t.JMeterThread: Thread finished: Thread Group 2-89
2020-09-16 16:08:07,426 INFO o.a.j.t.JMeterThread: Thread finished: Thread Group 2-91
2020-09-16 16:08:07,487 INFO o.a.j.t.JMeterThread: Thread is done: Thread Group 2-26
2020-09-16 16:08:07,487 INFO o.a.j.t.JMeterThread: Thread finished: Thread Group 2-26
2020-09-16 16:08:07,880 INFO o.a.j.t.JMeterThread: Thread is done: Thread Group 2-98
2020-09-16 16:08:07,880 INFO o.a.j.t.JMeterThread: Thread finished: Thread Group 2-98
2020-09-16 16:08:07,925 INFO o.a.j.t.JMeterThread: Thread is done: Thread Group 2-38
2020-09-16 16:08:07,925 INFO o.a.j.t.JMeterThread: Thread finished: Thread Group 2-38
2020-09-16 16:08:07,928 INFO o.a.j.t.JMeterThread: Thread is done: Thread Group 2-55
2020-09-16 16:08:07,928 INFO o.a.j.t.JMeterThread: Thread finished: Thread Group 2-55
2020-09-16 16:08:07,939 INFO o.a.j.t.JMeterThread: Thread is done: Thread Group 2-75
2020-09-16 16:08:07,939 INFO o.a.j.t.JMeterThread: Thread finished: Thread Group 2-75
2020-09-16 16:08:07,946 INFO o.a.j.t.JMeterThread: Thread is done: Thread Group 2-93
2020-09-16 16:08:07,945 INFO o.a.j.t.JMeterThread: Thread is done: Thread Group 2-95
2020-09-16 16:08:07,945 INFO o.a.j.t.JMeterThread: Thread is done: Thread Group 2-57
2020-09-16 16:08:07,946 INFO o.a.j.t.JMeterThread: Thread finished: Thread Group 2-95
2020-09-16 16:08:07,946 INFO o.a.j.t.JMeterThread: Thread finished: Thread Group 2-57
2020-09-16 16:08:07,946 INFO o.a.j.t.JMeterThread: Thread finished: Thread Group 2-93
2020-09-16 16:08:08,124 INFO o.a.j.t.JMeterThread: Thread is done: Thread Group 2-97
2020-09-16 16:08:08,124 INFO o.a.j.t.JMeterThread: Thread finished: Thread Group 2-97
2020-09-16 16:08:09,212 INFO o.a.j.t.JMeterThread: Thread is done: Thread Group 2-44
2020-09-16 16:08:09,212 INFO o.a.j.t.JMeterThread: Thread finished: Thread Group 2-44
2020-09-16 16:08:09,218 INFO o.a.j.t.JMeterThread: Thread is done: Thread Group 2-30
2020-09-16 16:08:09,218 INFO o.a.j.t.JMeterThread: Thread finished: Thread Group 2-30
2020-09-16 16:08:09,617 INFO o.a.j.t.JMeterThread: Thread is done: Thread Group 2-43
2020-09-16 16:08:09,617 INFO o.a.j.t.JMeterThread: Thread finished: Thread Group 2-43
2020-09-16 16:08:10,034 INFO o.a.j.t.JMeterThread: Thread is done: Thread Group 2-51
2020-09-16 16:08:10,034 INFO o.a.j.t.JMeterThread: Thread finished: Thread Group 2-51
2020-09-16 16:08:10,122 INFO o.a.j.t.JMeterThread: Thread is done: Thread Group 2-78
2020-09-16 16:08:10,122 INFO o.a.j.t.JMeterThread: Thread finished: Thread Group 2-78
2020-09-16 16:08:14,865 INFO o.a.j.t.JMeterThread: Thread is done: Thread Group 1-21
2020-09-16 16:08:14,865 INFO o.a.j.t.JMeterThread: Thread is done: Thread Group 1-26
2020-09-16 16:08:14,865 INFO o.a.j.t.JMeterThread: Thread finished: Thread Group 1-21
2020-09-16 16:08:14,865 INFO o.a.j.t.JMeterThread: Thread finished: Thread Group 1-26
2020-09-16 16:08:15,366 INFO o.a.j.t.JMeterThread: Thread is done: Thread Group 2-20
2020-09-16 16:08:15,367 INFO o.a.j.t.JMeterThread: Thread finished: Thread Group 2-20
2020-09-16 16:08:15,408 INFO o.a.j.t.JMeterThread: Thread is done: Thread Group 1-13
2020-09-16 16:08:15,408 INFO o.a.j.t.JMeterThread: Thread finished: Thread Group 1-13
2020-09-16 16:08:19,367 INFO o.a.j.t.JMeterThread: Thread is done: Thread Group 2-42
2020-09-16 16:08:19,368 INFO o.a.j.t.JMeterThread: Thread finished: Thread Group 2-42
2020-09-16 16:08:23,248 INFO o.a.j.t.JMeterThread: Thread is done: Thread Group 2-100
2020-09-16 16:08:23,249 INFO o.a.j.t.JMeterThread: Thread finished: Thread Group 2-100
2020-09-16 16:08:23,249 INFO o.a.j.e.StandardJMeterEngine: Notifying test listeners of end of test
2020-09-16 16:08:23,249 INFO o.a.j.g.u.JMeterMenuBar: setRunning(false, *local*)
